# Bright Run FR Organization Change Log
Date: 09/04/2025
Original FRs: 36
Final FRs: 28 (8 consolidated)

## Major Changes:
1. Removed 2 non-product requirements (FR10.1.2, FR10.1.3)
2. Consolidated 18 duplicate FRs into 9 comprehensive FRs  
3. Reorganized by logical build order: Foundation → Infrastructure → Components → Features → Advanced → Cross-cutting
4. Applied persona consolidation using progressive disclosure
5. Renumbered all FRs sequentially while preserving US references
6. All buildable product functionality preserved

## Enhancement Phase Changes (Date: 01-20-2025):

### GROUP-001: Section 1 Core Infrastructure Enhancement
[FR1.1.1/Description] -> [Added comprehensive description] | REASON: Filled placeholder with detailed project workspace management functionality description
[FR1.1.1/Acceptance-Criteria] -> [Added 12 comprehensive criteria] | REASON: Enhanced with specific technical requirements for workspace creation, status tracking, activity logging, and user experience
[FR1.1.2/Description] -> [Added comprehensive description] | REASON: Filled placeholder with detailed privacy-first architecture functionality description
[FR1.1.2/Acceptance-Criteria] -> [Added 12 comprehensive criteria] | REASON: Enhanced with specific technical requirements for local processing, data ownership, encryption, and competitive protection
[FR1.1.3/Description] -> [Added comprehensive description] | REASON: Filled placeholder with detailed error handling and recovery system functionality description
[FR1.1.3/Acceptance-Criteria] -> [Added 12 comprehensive criteria] | REASON: Enhanced with specific technical requirements for error detection, user-friendly messaging, recovery mechanisms, and progress preservation
[FR1.1.4/Description] -> [Added comprehensive description] | REASON: Filled placeholder with detailed performance and efficiency standards functionality description
[FR1.1.4/Acceptance-Criteria] -> [Added 14 comprehensive criteria] | REASON: Enhanced with specific technical requirements for processing speed, UI responsiveness, parallel processing, and resource optimization

### GROUP-002: Section 2 Content Ingestion Enhancement
[FR2.1.1/Description] -> [Added comprehensive description] | REASON: Filled placeholder with detailed multi-format document upload functionality description
[FR2.1.1/Acceptance-Criteria] -> [Added 12 comprehensive criteria] | REASON: Enhanced with specific technical requirements for file format support, upload interface, validation, batch processing, and metadata handling
[FR2.1.2/Description] -> [Added comprehensive description] | REASON: Filled placeholder with detailed automated content processing functionality description
[FR2.1.2/Acceptance-Criteria] -> [Added 14 comprehensive criteria] | REASON: Enhanced with specific technical requirements for text extraction, artifact removal, content structure preservation, and quality assessment
[FR2.1.3/Description] -> [Added comprehensive description] | REASON: Filled placeholder with detailed document organization and status tracking functionality description
[FR2.1.3/Acceptance-Criteria] -> [Added 14 comprehensive criteria] | REASON: Enhanced with specific technical requirements for document management, status tracking, categorization, search, and batch operations

### GROUP-003: Section 3 AI Knowledge Processing Enhancement
[FR3.1.1/Description] -> [Added comprehensive description] | REASON: Filled placeholder with detailed semantic content analysis functionality description
[FR3.1.1/Acceptance-Criteria] -> [Added 14 comprehensive criteria] | REASON: Enhanced with specific technical requirements for semantic boundary detection, content chunking, concept relationships, and interactive visualization
[FR3.1.2/Description] -> [Added comprehensive description] | REASON: Filled placeholder with detailed content summarization and value identification functionality description
[FR3.1.2/Acceptance-Criteria] -> [Added 14 comprehensive criteria] | REASON: Enhanced with specific technical requirements for automated summarization, value assessment, proprietary knowledge detection, and expert input integration
[FR3.1.3/Description] -> [Added comprehensive description] | REASON: Filled placeholder with detailed topic classification and organization functionality description
[FR3.1.3/Acceptance-Criteria] -> [Added 14 comprehensive criteria] | REASON: Enhanced with specific technical requirements for AI topic classification, custom taxonomy creation, bulk operations, and advanced filtering

### GROUP-004: Section 4 Training Data Generation Enhancement
[FR4.1.1/Description] -> [Added comprehensive description] | REASON: Filled placeholder with detailed AI-powered question generation functionality description
[FR4.1.1/Acceptance-Criteria] -> [Added 14 comprehensive criteria] | REASON: Enhanced with specific technical requirements for content analysis, multi-level question generation, context awareness, and performance optimization
[FR4.1.2/Description] -> [Added comprehensive description] | REASON: Filled placeholder with detailed expert answer customization system functionality description
[FR4.1.2/Acceptance-Criteria] -> [Added 14 comprehensive criteria] | REASON: Enhanced with specific technical requirements for rich text editing, comparison interfaces, value-add visualization, and collaboration features
[FR4.1.3/Description] -> [Added comprehensive description] | REASON: Filled placeholder with detailed metadata and categorization framework functionality description
[FR4.1.3/Acceptance-Criteria] -> [Added 14 comprehensive criteria] | REASON: Enhanced with specific technical requirements for multi-dimensional tagging, custom categories, advanced filtering, and integration workflow

### GROUP-005: Section 5 Quality Control Enhancement
[FR5.1.1/Description] -> [Added comprehensive description] | REASON: Filled placeholder with detailed collaborative review management functionality description
[FR5.1.1/Acceptance-Criteria] -> [Added 14 comprehensive criteria] | REASON: Enhanced with specific technical requirements for intelligent assignment, progress tracking, performance metrics, and collaborative workspace
[FR5.1.2/Description] -> [Added comprehensive description] | REASON: Filled placeholder with detailed quality review and validation interface functionality description
[FR5.1.2/Acceptance-Criteria] -> [Added 14 comprehensive criteria] | REASON: Enhanced with specific technical requirements for advanced diff visualization, approval workflow, version control, and integration validation

### GROUP-006: Section 6 Synthetic Data Generation Enhancement
[FR6.1.1/Description] -> [Added comprehensive description] | REASON: Filled placeholder with detailed voice preservation technology functionality description
[FR6.1.1/Acceptance-Criteria] -> [Added 14 comprehensive criteria] | REASON: Enhanced with specific technical requirements for voice fingerprinting, consistency scoring, style monitoring, and integration testing
[FR6.1.2/Description] -> [Added comprehensive description] | REASON: Filled placeholder with detailed configurable synthetic generation functionality description
[FR6.1.2/Acceptance-Criteria] -> [Added 14 comprehensive criteria] | REASON: Enhanced with specific technical requirements for multiplication configuration, quality maintenance, resource optimization, and performance monitoring
[FR6.1.3/Description] -> [Added comprehensive description] | REASON: Filled placeholder with detailed generation monitoring and quality control functionality description
[FR6.1.3/Acceptance-Criteria] -> [Added 14 comprehensive criteria] | REASON: Enhanced with specific technical requirements for real-time monitoring, quality scoring, expert validation, and performance optimization

### GROUP-007: Section 7 Export and Delivery Enhancement
[FR7.1.1/Description] -> [Added comprehensive description] | REASON: Filled placeholder with detailed LoRA-compatible export system functionality description
[FR7.1.1/Acceptance-Criteria] -> [Added 14 comprehensive criteria] | REASON: Enhanced with specific technical requirements for multi-format export, validation, quality assurance, and integration testing
[FR7.1.2/Description] -> [Added comprehensive description] | REASON: Filled placeholder with detailed dataset analytics and metrics functionality description
[FR7.1.2/Acceptance-Criteria] -> [Added 14 comprehensive criteria] | REASON: Enhanced with specific technical requirements for training pair metrics, quality analysis, topic coverage, and business impact assessment

### GROUP-008: Section 8 User Experience Enhancement
[FR8.1.1/Description] -> [Added comprehensive description] | REASON: Filled placeholder with detailed guided workflow navigation functionality description
[FR8.1.1/Acceptance-Criteria] -> [Added 13 comprehensive criteria] | REASON: Enhanced with specific technical requirements for step-by-step guidance, progress tracking, error prevention, and accessibility features

### GROUP-009: Section 9 Advanced Features Enhancement
[FR9.1.1/Description] -> [Added comprehensive description] | REASON: Filled placeholder with detailed advanced question generation parameters functionality description
[FR9.1.1/Acceptance-Criteria] -> [Added 11 comprehensive criteria] | REASON: Enhanced with specific technical requirements for complexity configuration, style controls, focus specification, and template customization
[FR9.1.2/Description] -> [Added comprehensive description] | REASON: Filled placeholder with detailed custom methodology integration functionality description
[FR9.1.2/Acceptance-Criteria] -> [Added 10 comprehensive criteria] | REASON: Enhanced with specific technical requirements for methodology templates, consistency enforcement, technique preservation, and quality assurance
[FR9.1.3/Description] -> [Added comprehensive description] | REASON: Filled placeholder with detailed advanced analytics and insights functionality description
[FR9.1.3/Acceptance-Criteria] -> [Added 11 comprehensive criteria] | REASON: Enhanced with specific technical requirements for semantic diversity analysis, quality trending, training effectiveness prediction, and professional reporting

### GROUP-010: Section 10 Business Value Enhancement
[FR10.1.1/Description] -> [Added comprehensive description] | REASON: Filled placeholder with detailed business impact measurement functionality description
[FR10.1.1/Acceptance-Criteria] -> [Added 11 comprehensive criteria] | REASON: Enhanced with specific technical requirements for knowledge asset valuation, competitive advantage measurement, ROI analysis, and success documentation

## Summary of Enhancement Phase:
- Enhanced 19 Functional Requirements with comprehensive descriptions
- Added 254 detailed acceptance criteria across all requirements
- Cross-referenced all requirements with user stories and business objectives
- Ensured consistent depth and technical detail across all functional requirements
- Maintained traceability between user stories, functional requirements, and business value
- All existing content preserved and enhanced without any deletions